<?xml version="1.0" encoding="UTF-8"?>
<!-- Generated by org.testng.reporters.JUnitXMLReporter -->
<testsuite hostname="CPU351" ignored="3" name="AdminSetting" tests="22" failures="0" timestamp="07 Jan 2019 04:43:23 GMT" time="214.77" errors="0">
  <testcase name="Login" time="8.836" classname="Scripts.Login_Script"/>
  <testcase name="settingPage" time="2.133" classname="Scripts.AdminSettings_Script"/>
  <testcase name="manageDept" time="3.766" classname="Scripts.AdminSettings_Script"/>
  <testcase name="manageDept" time="6.244" classname="Scripts.AdminSettings_Script"/>
  <testcase name="manageDept" time="5.138" classname="Scripts.AdminSettings_Script"/>
  <testcase name="manageDept" time="3.342" classname="Scripts.AdminSettings_Script"/>
  <testcase name="manageDept" time="1.193" classname="Scripts.AdminSettings_Script"/>
  <testcase name="manageDept" time="5.389" classname="Scripts.AdminSettings_Script"/>
  <testcase name="manageDept" time="0.001" classname="Scripts.AdminSettings_Script"/>
  <testcase name="manageDept" time="0.002" classname="Scripts.AdminSettings_Script"/>
  <testcase name="manageDept" time="0.001" classname="Scripts.AdminSettings_Script"/>
  <testcase name="manageUsers" time="0.001" classname="Scripts.AdminSettings_Script"/>
  <testcase name="manageUsers" time="0.002" classname="Scripts.AdminSettings_Script"/>
  <testcase name="manageUsers" time="0.001" classname="Scripts.AdminSettings_Script"/>
  <testcase name="manageUsers" time="0.003" classname="Scripts.AdminSettings_Script"/>
  <testcase name="manageUsers" time="0.0" classname="Scripts.AdminSettings_Script"/>
  <testcase name="manageUsers" time="0.0" classname="Scripts.AdminSettings_Script"/>
  <testcase name="manageUsers" time="21.104" classname="Scripts.AdminSettings_Script"/>
  <testcase name="manageUsers" time="5.69" classname="Scripts.AdminSettings_Script"/>
  <testcase name="manageUsers" time="6.465" classname="Scripts.AdminSettings_Script"/>
  <testcase name="manageUsers" time="109.858" classname="Scripts.AdminSettings_Script"/>
  <testcase name="activityLog" time="30.669" classname="Scripts.AdminSettings_Script"/>
  <testcase name="@BeforeSuite createreport" time="0.0" classname="Generic_Library.Basefunctions">
    <ignored/>
  </testcase> <!-- @BeforeSuite createreport -->
  <testcase name="@BeforeTest launch" time="0.0" classname="Generic_Library.Basefunctions">
    <ignored/>
  </testcase> <!-- @BeforeTest launch -->
  <testcase name="@AfterTest closeapp" time="0.0" classname="Generic_Library.Basefunctions">
    <ignored/>
  </testcase> <!-- @AfterTest closeapp -->
</testsuite> <!-- AdminSetting -->
