<?xml version="1.0" encoding="UTF-8"?>
<!-- Generated by org.testng.reporters.JUnitXMLReporter -->
<testsuite hostname="CPU351" ignored="3" name="AnyDoc" tests="5" failures="0" timestamp="07 Jan 2019 04:34:40 GMT" time="93.756" errors="0">
  <testcase name="Login" time="8.381" classname="Scripts.Login_Script"/>
  <testcase name="anyDoc" time="1.504" classname="Scripts.AnyDoc_Script"/>
  <testcase name="anyDoc" time="44.783" classname="Scripts.AnyDoc_Script"/>
  <testcase name="anyDoc" time="9.208" classname="Scripts.AnyDoc_Script"/>
  <testcase name="dsignanyDoc" time="24.057" classname="Scripts.AnyDoc_Script"/>
  <testcase name="@BeforeSuite createreport" time="0.0" classname="Generic_Library.Basefunctions">
    <ignored/>
  </testcase> <!-- @BeforeSuite createreport -->
  <testcase name="@BeforeTest launch" time="0.0" classname="Generic_Library.Basefunctions">
    <ignored/>
  </testcase> <!-- @BeforeTest launch -->
  <testcase name="@AfterTest closeapp" time="0.0" classname="Generic_Library.Basefunctions">
    <ignored/>
  </testcase> <!-- @AfterTest closeapp -->
</testsuite> <!-- AnyDoc -->
