<?xml version="1.0" encoding="UTF-8"?>
<!-- Generated by org.testng.reporters.JUnitXMLReporter -->
<testsuite hostname="CPU351" ignored="3" name="BulkDoc" tests="7" failures="0" timestamp="07 Jan 2019 04:35:59 GMT" time="79.371" errors="0">
  <testcase name="Login" time="12.792" classname="Scripts.Login_Script"/>
  <testcase name="bulkDoc" time="4.584" classname="Scripts.BulkDoc_Script"/>
  <testcase name="bulkDoc" time="0.142" classname="Scripts.BulkDoc_Script"/>
  <testcase name="bulkDoc" time="10.334" classname="Scripts.BulkDoc_Script"/>
  <testcase name="bulkDoc" time="0.331" classname="Scripts.BulkDoc_Script"/>
  <testcase name="bulkDoc" time="3.043" classname="Scripts.BulkDoc_Script"/>
  <testcase name="bulkDoc" time="42.419" classname="Scripts.BulkDoc_Script"/>
  <testcase name="@BeforeSuite createreport" time="0.0" classname="Generic_Library.Basefunctions">
    <ignored/>
  </testcase> <!-- @BeforeSuite createreport -->
  <testcase name="@BeforeTest launch" time="0.0" classname="Generic_Library.Basefunctions">
    <ignored/>
  </testcase> <!-- @BeforeTest launch -->
  <testcase name="@AfterTest closeapp" time="0.0" classname="Generic_Library.Basefunctions">
    <ignored/>
  </testcase> <!-- @AfterTest closeapp -->
</testsuite> <!-- BulkDoc -->
