<?xml version="1.0" encoding="UTF-8"?>
<!-- Generated by org.testng.reporters.JUnitXMLReporter -->
<testsuite hostname="CPU351" ignored="3" name="Decrypt" tests="6" failures="0" timestamp="07 Jan 2019 04:33:06 GMT" time="50.831" errors="0">
  <testcase name="Login" time="7.698" classname="Scripts.Login_Script"/>
  <testcase name="settingPage" time="3.141" classname="Scripts.Decrypt_Script"/>
  <testcase name="DecryptPage" time="0.016" classname="Scripts.Decrypt_Script"/>
  <testcase name="DecryptPage" time="2.272" classname="Scripts.Decrypt_Script"/>
  <testcase name="DecryptPage" time="31.861" classname="Scripts.Decrypt_Script"/>
  <testcase name="DecryptPage" time="0.001" classname="Scripts.Decrypt_Script"/>
  <testcase name="@BeforeSuite createreport" time="0.0" classname="Generic_Library.Basefunctions">
    <ignored/>
  </testcase> <!-- @BeforeSuite createreport -->
  <testcase name="@BeforeTest launch" time="0.0" classname="Generic_Library.Basefunctions">
    <ignored/>
  </testcase> <!-- @BeforeTest launch -->
  <testcase name="@AfterTest closeapp" time="0.0" classname="Generic_Library.Basefunctions">
    <ignored/>
  </testcase> <!-- @AfterTest closeapp -->
</testsuite> <!-- Decrypt -->
