<?xml version="1.0" encoding="UTF-8"?>
<!-- Generated by org.testng.reporters.JUnitXMLReporter -->
<testsuite hostname="CPU351" ignored="3" name="Docstore" tests="5" failures="0" timestamp="07 Jan 2019 04:37:28 GMT" time="88.718" errors="0">
  <testcase name="Login" time="8.206" classname="Scripts.Login_Script"/>
  <testcase name="dash_docStore" time="50.95" classname="Scripts.Docstore_Script"/>
  <testcase name="uploadDoc" time="16.533" classname="Scripts.Docstore_Script"/>
  <testcase name="exprtExcel" time="1.837" classname="Scripts.Docstore_Script"/>
  <testcase name="actions" time="5.415" classname="Scripts.Docstore_Script"/>
  <testcase name="@BeforeSuite createreport" time="0.0" classname="Generic_Library.Basefunctions">
    <ignored/>
  </testcase> <!-- @BeforeSuite createreport -->
  <testcase name="@BeforeTest launch" time="0.0" classname="Generic_Library.Basefunctions">
    <ignored/>
  </testcase> <!-- @BeforeTest launch -->
  <testcase name="@AfterTest closeapp" time="0.0" classname="Generic_Library.Basefunctions">
    <ignored/>
  </testcase> <!-- @AfterTest closeapp -->
</testsuite> <!-- Docstore -->
