<?xml version="1.0" encoding="UTF-8"?>
<!-- Generated by org.testng.reporters.JUnitXMLReporter -->
<testsuite hostname="CPU351" ignored="3" name="Encrypt" tests="7" failures="0" timestamp="07 Jan 2019 04:32:15 GMT" time="67.261" errors="0">
  <testcase name="Login" time="20.627" classname="Scripts.Login_Script"/>
  <testcase name="settingPage" time="3.469" classname="Scripts.Encrypt_Script"/>
  <testcase name="EncryptPage" time="0.016" classname="Scripts.Encrypt_Script"/>
  <testcase name="EncryptPage" time="1.188" classname="Scripts.Encrypt_Script"/>
  <testcase name="EncryptPage" time="11.496" classname="Scripts.Encrypt_Script"/>
  <testcase name="EncryptPage" time="11.435" classname="Scripts.Encrypt_Script"/>
  <testcase name="EncryptPage" time="12.306" classname="Scripts.Encrypt_Script"/>
  <testcase name="@BeforeSuite createreport" time="0.0" classname="Generic_Library.Basefunctions">
    <ignored/>
  </testcase> <!-- @BeforeSuite createreport -->
  <testcase name="@BeforeTest launch" time="0.0" classname="Generic_Library.Basefunctions">
    <ignored/>
  </testcase> <!-- @BeforeTest launch -->
  <testcase name="@AfterTest closeapp" time="0.0" classname="Generic_Library.Basefunctions">
    <ignored/>
  </testcase> <!-- @AfterTest closeapp -->
</testsuite> <!-- Encrypt -->
