<?xml version="1.0" encoding="UTF-8"?>
<!-- Generated by org.testng.reporters.JUnitXMLReporter -->
<testsuite hostname="CPU351" ignored="3" name="Form16" tests="9" failures="0" timestamp="07 Jan 2019 04:31:08 GMT" time="125.607" errors="0">
  <testcase name="Login" time="15.77" classname="Scripts.Login_Script"/>
  <testcase name="Form16Sign1" time="5.214" classname="Scripts.Form16Sign_Script"/>
  <testcase name="Form16Sign1" time="0.248" classname="Scripts.Form16Sign_Script"/>
  <testcase name="Form16Sign1" time="33.465" classname="Scripts.Form16Sign_Script"/>
  <testcase name="Form16Sign1" time="0.467" classname="Scripts.Form16Sign_Script"/>
  <testcase name="Form16Sign1" time="4.7" classname="Scripts.Form16Sign_Script"/>
  <testcase name="Form16Sign1" time="9.548" classname="Scripts.Form16Sign_Script"/>
  <testcase name="Form16Sign1" time="7.534" classname="Scripts.Form16Sign_Script"/>
  <testcase name="Form16Sign1" time="42.694" classname="Scripts.Form16Sign_Script"/>
  <testcase name="@BeforeSuite createreport" time="0.0" classname="Generic_Library.Basefunctions">
    <ignored/>
  </testcase> <!-- @BeforeSuite createreport -->
  <testcase name="@BeforeTest launch" time="0.0" classname="Generic_Library.Basefunctions">
    <ignored/>
  </testcase> <!-- @BeforeTest launch -->
  <testcase name="@AfterTest closeapp" time="0.0" classname="Generic_Library.Basefunctions">
    <ignored/>
  </testcase> <!-- @AfterTest closeapp -->
</testsuite> <!-- Form16 -->
